Date: 14/03/2019
Stars: HD64491 (2), DP UMa (4)
Comparisons: HD64324 (C1), HD64558 (C2)
Observers: J.C. Suárez
++++++++++++++++++++++++++++++++++++++++
Night log (time in UT):
19:03 - Start observations HD64324. X= 1.06. 
					v
		C1:			20k
		C2:			13k
		HD64491:	90k
		sky:		8.5k (counts a bit higher because observations start some minutes before sunset)
01:43 - End of observations of HD64324. X=1.95
01:45 - Start object DP UMa. X = 1.021
					v
		C1:			10.2k
		C2:			12.0k
		DP UMa:		212k
		sky:		0.160k			
05:38 - End of observations. X=1.68. 