Date: 27/02/2019
Stars: HD64491 (2), DP UMa (4)
Comparisons: HD64324 (C1), HD64558 (C2)
Observers: A. García Hernández
++++++++++++++++++++++++++++++++++++++++
Night log:
20:20 - Comienzo de la observación. Primeros pasos para mostrarme la operación del telescopio
20:30 - Comienzo de toma de datos. Usamos el diafragma de 45".
20:49 - Tanto el apuntado como el diafragma funcionan razonablemente bien
23:30 - Empiezo a observar oscilaciones de punto a punto en la curva de luz. Se aprecian algunos cirros en la imagen del Meteosat.
00:00 - Los cirros han pasado.
00:30 - Cirros de nuevo, aunque poco densos, pero afectan a las observaciones.
01:30 - ¿Mejora el tiempo?
01:50 - Creo que no ha mejorado.
02:15 - No mejora.
03:46 - Fin de observación de HD64491. X = 1.990
03:48 - Comienzo de observación de DPUMa. X = 1.024. El tiempo parece haber mejorado (o la estrella es más brillante)
04:00 - Salida de la luna.
06:20 - Empieza a clarear.
06:45 - Fin de la observación.
