Date: 11/03/2019
Stars: HD64491 (2), DP UMa (4)
Comparisons: HD64324 (C1), HD64558 (C2)
Observers: J.C. Suárez
++++++++++++++++++++++++++++++++++++++++
Night log (time in UT):
19:20 - Telescope closed due dense clouds.
20:58 - Start observations HD64324. X= 1.01. Humidity decreasing
					v
		C1:			13k
		C2:			7.0k
		HD64491:	81k
		sky:		0.170k
21:25 - Presence of clouds. Counts significantly lower. Erratic measures
21:32 - Telescope closed. Clouds and humidity too high
22:15 - Restart observations.	
01:47 - End of observations of HD64324. X=1.87
01:50 - Start object DP UMa. X = 1.022
					v
		C1:			10k
		C2:			11.8k
		DP UMa:		212k
		sky:		0.160k
			
05:38 - End of observations. X=1.6. It is possible that the last data were taken only in 
		Hb (¿?)