Date: 28/03/2019
Observatory: SPM
Stars:  DP UMa
Comparisons: HD105247 (C1), HD104636 (C2)
Observers: L. Fox Machado
++++++++++++++++++++++++++++++++++++++++
Observing Journal:

T.U      M.A.
  
03:30    1.48 Inicio de las observaciones. Despejado. -04:00 AH
04:00    1.34  Despejado.
04:33    1.24  Despejado.
05:01    1.16  Despejado. 
05:30    1.10  Despejado.  
06:03    1.06  Despejado.
06:30    1.03  Despejado.  
07:01    1.01  Despejado.
07:38    1.02  Despejado
08:00    1.03  Despejado.
08:30    1.06  Despejado. 
09:00    1.06  Despejado.
09:12    1.09  Despejado.
09:30    1.11  Despejado.
10:00    1.17  Despejado. 
10:40    1.28  Despejado.
11:00    1.35  Despejado
11:39    1.63  +04:15 AH Fin de observaciones.

Raw data file  2019_03_28.SPM.uv

