Date: 25/03/2019
Observatory: SPM
Stars:  DP UMa
Comparisons: HD105247 (C1), HD104636 (C2)
Observers: L. Fox Machado
++++++++++++++++++++++++++++++++++++++++
Observing Journal:


T.U.
03:08 Inicio de observaciones -4h:30 AH

Nubes dispersas al Sur y al Oeste.

03:30  Despejado.

05:00  Nubes delgadas, bajan las cuentas.

05:30  Las cuentas se recuperan. Despejado.

07:00  Despejado.

08:30   Despejado.


T.U      M.A.
03:12    1.64  
03:30    1.56
04:00    1.38
04:30    1.30
05:00    1.20
05:30    1.13
06:00    1.08
06:30    1.05
07:00    1.02
07:30    1.02
08:00    1.03
08:30    1.04
09:00    1.06
09:30    1.11
10:00    1.17
10:40    1.28
11:00    1.35
11:39    1.55  +04:06 AH
12:00    1.65  +04:22 AH

Fin de la noche.

Tiempos de integración
DP UMA    4 de 5  sec
C1        3 de 10 sec
C2        3 de 10 sec
SKY       3 de 10 sec



