Date: 24/03/2019
Observatory: SPM
Stars:  DP UMa
Comparisons: HD105247 (C1), HD104636 (C2)
Observers: L. Fox Machado
++++++++++++++++++++++++++++++++++++++++
Observing Journal:
                                                      
20:08 Inicio de las  observaciones. 

Parcialmente nublado al inicio de la noche.

20:30  Despejado.                                                       

22:00  Despejado.

23:00   Cirros.

00:00  Entran nubes, bajan las cuentas.

00:40  Hueco sin nubes

01:00  Nublado parcialmente
 
02:00  Hueco sin nubes

03:00 Nublado completamente. Se da por terminada la noche.


T.U      M.A.

03:32    1.45
04:00    1.41
04:30    1.30
05:00    1.21
05:30    1.13
06:00    1.09
06:30    1.05
07:00    1.03
07:30    1.02
08:00    1.02
08:30    1.03
09:00    1.06
09:30    1.10


Archivo de raw data

2019_03_24.SPM.uv

Contiene 1101 filas de registros, la segunda columna esta numerada del 1 al 634 y del 1 al 467.
