Date: 25/03/2019
Observatory: SPM
Stars:  DP UMa
Comparisons: HD105247 (C1), HD104636 (C2)
Observers: L. Fox Machado
++++++++++++++++++++++++++++++++++++++++
Observing Journal:



T.U.
03:00 Inicio de observaciones -4h:30 AH
M.A. 1.71  Despejado


T.U      M.A.
03:00    1.71  Parcialmente nublado.
03:36    1.48  Despejado.
04:00    1.38  Despejado.
04:34    1.26  Despejado.
05:08    1.17  Nubes pasando, bajan las cuentas.
05:17    1.14  Nubes pasando, bajan aun mas las cuetas.
05:30    1.11  Nublado
06:00    1.07  Suben las cuentas. Nublado parcialmente.
06:30    1.04  Despejado.
06:48    1.03  Despejado.
07:06    1.03  Nublado.
07:34    1.02  Nublado.  00:03 AH
08:00    1.03  Despejado.
08:30    1.04  Nublado.
09:00    1.06  Nublado.
09:12    1.09  Se nubla completamente.  Se da por finalizada la noche.


Raw data file    2019_03_26.SPM.uv
